<?xml version="1.0" encoding="UTF-8"?>
<!-- Generated by org.testng.reporters.JUnitReportReporter -->
<testsuite hostname="US1228323W1" name="AravindCalc.AravindCalc.TestCalc" tests="1" failures="0" timestamp="16 Aug 2019 19:20:18 GMT" time="0.017" errors="0">
  <testcase name="add_two_number" time="0.017" classname="AravindCalc.AravindCalc.TestCalc"/>
</testsuite> <!-- AravindCalc.AravindCalc.TestCalc -->
